# JRE version: OpenJDK Runtime Environment (11.0.15) (build 11.0.15+0-b2043.56-9505619)
# Java VM: OpenJDK 64-Bit Server VM (11.0.15+0-b2043.56-9505619, mixed mode, tiered, compressed oops, g1 gc, windows-amd64)
Heap:
 garbage-first heap   total 462848K, used 196383K [0x0000000080000000, 0x0000000100000000)
  region size 1024K, 3 young (3072K), 3 survivors (3072K)
 Metaspace       used 152699K, capacity 156529K, committed 161840K, reserved 1189888K
  class space    used 18817K, capacity 20290K, committed 22144K, reserved 1048576K
GC Heap History (20 events):
Event: 7459.578 GC heap after
{Heap after GC invocations=134 (full 0):
 garbage-first heap   total 249856K, used 191033K [0x0000000080000000, 0x0000000100000000)
  region size 1024K, 2 young (2048K), 2 survivors (2048K)
 Metaspace       used 152551K, capacity 156436K, committed 161840K, reserved 1189888K
  class space    used 18807K, capacity 20273K, committed 22144K, reserved 1048576K
}
Event: 7459.745 GC heap before
{Heap before GC invocations=134 (full 0):
 garbage-first heap   total 249856K, used 201273K [0x0000000080000000, 0x0000000100000000)
  region size 1024K, 12 young (12288K), 2 survivors (2048K)
 Metaspace       used 152557K, capacity 156436K, committed 161840K, reserved 1189888K
  class space    used 18807K, capacity 20273K, committed 22144K, reserved 1048576K
}
Event: 7459.790 GC heap after
{Heap after GC invocations=135 (full 0):
 garbage-first heap   total 249856K, used 188453K [0x0000000080000000, 0x0000000100000000)
  region size 1024K, 2 young (2048K), 2 survivors (2048K)
 Metaspace       used 152557K, capacity 156436K, committed 161840K, reserved 1189888K
  class space    used 18807K, capacity 20273K, committed 22144K, reserved 1048576K
}
Event: 7459.843 GC heap before
{Heap before GC invocations=135 (full 0):
 garbage-first heap   total 249856K, used 198693K [0x0000000080000000, 0x0000000100000000)
  region size 1024K, 12 young (12288K), 2 survivors (2048K)
 Metaspace       used 152557K, capacity 156436K, committed 161840K, reserved 1189888K
  class space    used 18807K, capacity 20273K, committed 22144K, reserved 1048576K
}
Event: 7459.858 GC heap after
{Heap after GC invocations=136 (full 0):
 garbage-first heap   total 249856K, used 188710K [0x0000000080000000, 0x0000000100000000)
  region size 1024K, 2 young (2048K), 2 survivors (2048K)
 Metaspace       used 152557K, capacity 156436K, committed 161840K, reserved 1189888K
  class space    used 18807K, capacity 20273K, committed 22144K, reserved 1048576K
}
Event: 7459.882 GC heap before
{Heap before GC invocations=136 (full 0):
 garbage-first heap   total 249856K, used 198950K [0x0000000080000000, 0x0000000100000000)
  region size 1024K, 12 young (12288K), 2 survivors (2048K)
 Metaspace       used 152557K, capacity 156436K, committed 161840K, reserved 1189888K
  class space    used 18807K, capacity 20273K, committed 22144K, reserved 1048576K
}
Event: 7459.888 GC heap after
{Heap after GC invocations=137 (full 0):
 garbage-first heap   total 249856K, used 189156K [0x0000000080000000, 0x0000000100000000)
  region size 1024K, 1 young (1024K), 1 survivors (1024K)
 Metaspace       used 152557K, capacity 156436K, committed 161840K, reserved 1189888K
  class space    used 18807K, capacity 20273K, committed 22144K, reserved 1048576K
}
Event: 7460.032 GC heap before
{Heap before GC invocations=137 (full 0):
 garbage-first heap   total 249856K, used 200420K [0x0000000080000000, 0x0000000100000000)
  region size 1024K, 12 young (12288K), 1 survivors (1024K)
 Metaspace       used 152558K, capacity 156430K, committed 161840K, reserved 1189888K
  class space    used 18807K, capacity 20272K, committed 22144K, reserved 1048576K
}
Event: 7460.044 GC heap after
{Heap after GC invocations=138 (full 0):
 garbage-first heap   total 249856K, used 189651K [0x0000000080000000, 0x0000000100000000)
  region size 1024K, 2 young (2048K), 2 survivors (2048K)
 Metaspace       used 152558K, capacity 156430K, committed 161840K, reserved 1189888K
  class space    used 18807K, capacity 20272K, committed 22144K, reserved 1048576K
}
Event: 7460.698 GC heap before
{Heap before GC invocations=139 (full 0):
 garbage-first heap   total 249856K, used 205011K [0x0000000080000000, 0x0000000100000000)
  region size 1024K, 17 young (17408K), 2 survivors (2048K)
 Metaspace       used 152613K, capacity 156465K, committed 161840K, reserved 1189888K
  class space    used 18810K, capacity 20278K, committed 22144K, reserved 1048576K
}
Event: 7460.727 GC heap after
{Heap after GC invocations=140 (full 0):
 garbage-first heap   total 249856K, used 192062K [0x0000000080000000, 0x0000000100000000)
  region size 1024K, 3 young (3072K), 3 survivors (3072K)
 Metaspace       used 152613K, capacity 156465K, committed 161840K, reserved 1189888K
  class space    used 18810K, capacity 20278K, committed 22144K, reserved 1048576K
}
Event: 7461.014 GC heap before
{Heap before GC invocations=140 (full 0):
 garbage-first heap   total 249856K, used 201278K [0x0000000080000000, 0x0000000100000000)
  region size 1024K, 12 young (12288K), 3 survivors (3072K)
 Metaspace       used 152678K, capacity 156516K, committed 161840K, reserved 1189888K
  class space    used 18814K, capacity 20286K, committed 22144K, reserved 1048576K
}
Event: 7461.077 GC heap after
{Heap after GC invocations=141 (full 0):
 garbage-first heap   total 249856K, used 191765K [0x0000000080000000, 0x0000000100000000)
  region size 1024K, 2 young (2048K), 2 survivors (2048K)
 Metaspace       used 152678K, capacity 156516K, committed 161840K, reserved 1189888K
  class space    used 18814K, capacity 20286K, committed 22144K, reserved 1048576K
}
Event: 7461.235 GC heap before
{Heap before GC invocations=141 (full 0):
 garbage-first heap   total 249856K, used 210197K [0x0000000080000000, 0x0000000100000000)
  region size 1024K, 20 young (20480K), 2 survivors (2048K)
 Metaspace       used 152694K, capacity 156523K, committed 161840K, reserved 1189888K
  class space    used 18816K, capacity 20288K, committed 22144K, reserved 1048576K
}
Event: 7461.284 GC heap after
{Heap after GC invocations=142 (full 0):
 garbage-first heap   total 249856K, used 193543K [0x0000000080000000, 0x0000000100000000)
  region size 1024K, 2 young (2048K), 2 survivors (2048K)
 Metaspace       used 152694K, capacity 156523K, committed 161840K, reserved 1189888K
  class space    used 18816K, capacity 20288K, committed 22144K, reserved 1048576K
}
Event: 7461.508 GC heap before
{Heap before GC invocations=142 (full 0):
 garbage-first heap   total 249856K, used 211975K [0x0000000080000000, 0x0000000100000000)
  region size 1024K, 20 young (20480K), 2 survivors (2048K)
 Metaspace       used 152698K, capacity 156529K, committed 161840K, reserved 1189888K
  class space    used 18817K, capacity 20290K, committed 22144K, reserved 1048576K
}
Event: 7461.550 GC heap after
{Heap after GC invocations=143 (full 0):
 garbage-first heap   total 249856K, used 194354K [0x0000000080000000, 0x0000000100000000)
  region size 1024K, 3 young (3072K), 3 survivors (3072K)
 Metaspace       used 152698K, capacity 156529K, committed 161840K, reserved 1189888K
  class space    used 18817K, capacity 20290K, committed 22144K, reserved 1048576K
}
Event: 7461.760 GC heap before
{Heap before GC invocations=143 (full 0):
 garbage-first heap   total 249856K, used 212786K [0x0000000080000000, 0x0000000100000000)
  region size 1024K, 21 young (21504K), 3 survivors (3072K)
 Metaspace       used 152698K, capacity 156529K, committed 161840K, reserved 1189888K
  class space    used 18817K, capacity 20290K, committed 22144K, reserved 1048576K
}
Event: 7461.785 GC heap after
{Heap after GC invocations=144 (full 0):
 garbage-first heap   total 249856K, used 195177K [0x0000000080000000, 0x0000000100000000)
  region size 1024K, 2 young (2048K), 2 survivors (2048K)
 Metaspace       used 152698K, capacity 156529K, committed 161840K, reserved 1189888K
  class space    used 18817K, capacity 20290K, committed 22144K, reserved 1048576K
}
Event: 7462.140 GC heap before
{Heap before GC invocations=144 (full 0):
 garbage-first heap   total 249856K, used 214633K [0x0000000080000000, 0x0000000100000000)
  region size 1024K, 21 young (21504K), 2 survivors (2048K)
 Metaspace       used 152699K, capacity 156529K, committed 161840K, reserved 1189888K
  class space    used 18817K, capacity 20290K, committed 22144K, reserved 1048576K
}

